Log file open, 04/11/15 09:56:20
LogInit:Display: Running engine for game: Zeke
LogInit: Version: 4.7.5-2503383+++depot+UE4-Releases+4.7
LogInit: API Version: 2455222
LogInit: Compiled (64-bit): Apr  6 2015 23:21:51
LogInit: Compiled with Visual C++: 18.00.21005.01
LogInit: Build Configuration: Development
LogInit: Branch Name: ++depot+UE4-Releases+4.7
LogInit: Command line:  
LogInit: Base directory: C:/Program Files/Epic Games/4.7/Engine/Binaries/Win64/
LogInit: Rocket: 1
[2015.04.11-16.56.20:599][  0]LogTaskGraph: Started task graph with 3 named threads and 6 total threads.
[2015.04.11-16.56.20:665][  0]LogOnline:Warning: No default platform service specified for OnlineSubsystem
[2015.04.11-16.56.20:679][  0]LogInit: Presizing for 0 objects not considered by GC, pre-allocating 0 bytes.
[2015.04.11-16.56.20:690][  0]LogInit: Object subsystem initialized
[2015.04.11-16.56.20:691][  0]LogConsoleResponse:Warning: Skipping Unknown console variable: 'UIScaleRule = ShortestSide'
[2015.04.11-16.56.20:691][  0]LogConsoleResponse:Warning:   Found in ini file 'C:/Users/John/Google Drive/Zeke/Zeke/Saved/Config/Windows/Engine.ini', in section '[/Script/Engine.RendererSettings]'
[2015.04.11-16.56.20:691][  0]LogConsoleResponse:Warning: Skipping Unknown console variable: 'UIScaleCurve = (EditorCurveData=(Keys=),ExternalCurve=None)'
[2015.04.11-16.56.20:691][  0]LogConsoleResponse:Warning:   Found in ini file 'C:/Users/John/Google Drive/Zeke/Zeke/Saved/Config/Windows/Engine.ini', in section '[/Script/Engine.RendererSettings]'
[2015.04.11-16.56.20:692][  0]LogConsoleManager:Warning: Console variable 'r.MSAA.CompositingSampleCount' wasn't set (Priority ProjectSetting < Scalability)
[2015.04.11-16.56.20:692][  0]LogInit: Selected Device Profile: [Windows]
[2015.04.11-16.56.20:692][  0]LogInit: Applying CVar settings loaded from the selected device profile: [Windows]
[2015.04.11-16.56.20:698][  0]LogInit: Computer: SHYFTYDESKTOP
[2015.04.11-16.56.20:698][  0]LogInit: User: John
[2015.04.11-16.56.20:698][  0]LogInit: CPU Page size=4096, Cores=4
[2015.04.11-16.56.20:698][  0]LogInit: High frequency timer resolution =3.410221 MHz
[2015.04.11-16.56.20:698][  0]LogMemory: Memory total: Physical=15.9GB (16GB approx) Virtual=131072.0GB
[2015.04.11-16.56.20:698][  0]LogMemory: Platform Memory Stats for Windows
[2015.04.11-16.56.20:698][  0]LogMemory: Process Physical Memory: 46.33 MB used, 46.33 MB peak
[2015.04.11-16.56.20:698][  0]LogMemory: Process Virtual Memory: 26.40 MB used, 26.41 MB peak
[2015.04.11-16.56.20:698][  0]LogMemory: Physical Memory: 3227.99 MB used, 16301.06 MB total
[2015.04.11-16.56.20:698][  0]LogMemory: Virtual Memory: 291.57 MB used, 134217728.00 MB total
[2015.04.11-16.56.20:717][  0]LogD3D11RHI: Found D3D11 adapter 0: NVIDIA GeForce GTX 770 (Feature Level 11_0)
[2015.04.11-16.56.20:717][  0]LogD3D11RHI: Adapter has 1985MB of dedicated video memory, 0MB of dedicated system memory, and 2048MB of shared system memory, 2 output[s]
[2015.04.11-16.56.20:720][  0]LogD3D11RHI: Found D3D11 adapter 1: Intel(R) HD Graphics 4000 (Feature Level 11_0)
[2015.04.11-16.56.20:720][  0]LogD3D11RHI: Adapter has 32MB of dedicated video memory, 0MB of dedicated system memory, and 1760MB of shared system memory, 0 output[s]
[2015.04.11-16.56.20:721][  0]LogD3D11RHI: Found D3D11 adapter 2: Microsoft Basic Render Driver (Feature Level 11_0)
[2015.04.11-16.56.20:721][  0]LogD3D11RHI: Adapter has 0MB of dedicated video memory, 0MB of dedicated system memory, and 256MB of shared system memory, 0 output[s]
[2015.04.11-16.56.20:721][  0]LogD3D11RHI: Chosen D3D11 Adapter Id = 0
[2015.04.11-16.56.20:724][  0]LogRHI: Texture pool is 1361 MB (70% of 1945 MB)
[2015.04.11-16.56.20:733][  0]LogD3D11RHI: Async texture creation enabled
[2015.04.11-16.56.20:794][  0]LogTextLocalizationManager: The requested culture ('en_US') has no localization data; parent culture's ('en') localization data will be used.
[2015.04.11-16.56.20:847][  0]LogTextLocalizationManager:Warning: Loading localization resources contain conflicting entries for (Namespace:UICommands, Key:Save_ToolTip):
Resource: (C:/Program Files/Epic Games/4.7/Engine/Content/Localization/Editor/en/Editor.locres) Hash: (-29098895) String: (Saves the current level to disk)
Resource: (C:/Program Files/Epic Games/4.7/Engine/Content/Localization/Engine/en/Engine.locres) Hash: (-1280300587) String: (Save selected data to vlog file)
[2015.04.11-16.56.20:847][  0]LogTextLocalizationManager:Warning: Loading localization resources contain conflicting entries for (Namespace:ContentBrowser, Key:ImportAssetToolTip):
Resource: (C:/Program Files/Epic Games/4.7/Engine/Content/Localization/Editor/en/Editor.locres) Hash: (-630476809) String: (Import to {0}...)
Resource: (C:/Program Files/Epic Games/4.7/Engine/Content/Localization/Editor/en/Editor.locres) Hash: (1271782899) String: (Imports an asset from file to this folder.)
[2015.04.11-16.56.20:918][  0]LogContentStreaming: Texture pool size is 0.000000MB
[2015.04.11-16.56.22:973][  0]LogTargetPlatformManager:Display: Building Assets For Windows
[2015.04.11-16.56.23:450][  0]LogTargetPlatformManager:Display: Building Assets For Windows
[2015.04.11-16.56.23:508][  0]LogDerivedDataCache:Display: Max Cache Size: 512 MB
[2015.04.11-16.56.23:542][  0]LogDerivedDataCache: Loaded boot cache 0.03s 40MB C:/Users/John/AppData/Local/UnrealEngine/4.7/DerivedDataCache/Boot.ddc.
[2015.04.11-16.56.23:542][  0]LogDerivedDataCache:Display: Loaded Boot cache: C:/Users/John/AppData/Local/UnrealEngine/4.7/DerivedDataCache/Boot.ddc
[2015.04.11-16.56.23:542][  0]LogDerivedDataCache: FDerivedDataBackendGraph:  Pak pak cache file ../../../../../../Users/John/Google Drive/Zeke/Zeke/DerivedDataCache/DDC.ddp not found, will not use a pak cache.
[2015.04.11-16.56.23:542][  0]LogDerivedDataCache: Unable to find inner node Pak for hierarchical cache Hierarchy.
[2015.04.11-16.56.23:652][  0]LogDerivedDataCache:Display: Pak cache opened for reading ../../../Engine/DerivedDataCache/Compressed.ddp.
[2015.04.11-16.56.23:664][  0]LogDerivedDataCache: Using Local data cache path C:/Users/John/AppData/Local/UnrealEngine/Common/DerivedDataCache: Writable
[2015.04.11-16.56.23:928][  0]LogMeshUtilities: No automatic mesh reduction module available
[2015.04.11-16.56.23:928][  0]LogMeshUtilities: No automatic mesh merging module available
[2015.04.11-16.56.24:263][  0]LogInit: WinSock: version 1.1 (2.2), MaxSocks=32767, MaxUdp=65467
[2015.04.11-16.56.24:337][  0]LogSlate:Warning: Failed to load font data from '../../../Engine/Content/Slate/Fonts/Roboto-Italic.ttf'
[2015.04.11-16.56.25:013][  0]UdpMessaging: Initializing bridge on interface 0.0.0.0:0 to multicast group 230.0.0.1:6666.
[2015.04.11-16.56.25:204][  0]SourceControl: Info Source control is disabled
[2015.04.11-16.56.25:204][  0]SourceControl: Info Source control is disabled
[2015.04.11-16.56.25:204][  0]SourceControl: Info Source control is disabled
[2015.04.11-16.56.25:205][  0]LogSourceControl: RunCommandInternalRaw: 'git version'
[2015.04.11-16.56.25:205][  0]LogSourceControl: RunCommandInternalRaw: ExecProcess ReturnCode=2 OutResults=''
[2015.04.11-16.56.25:213][  0]SourceControl: Info Source control is disabled
[2015.04.11-16.56.25:383][  0]LogObj: 24232 objects as part of root set at end of initial load.
[2015.04.11-16.56.25:383][  0]LogUObjectAllocator: 5137168 out of 0 bytes used by permanent object pool.
[2015.04.11-16.56.25:457][  0]LogEngine: Initializing Engine...
[2015.04.11-16.56.27:635][  0]LogInit: XAudio2 using 'Speakers (Realtek High Definition Audio)' : 2 channels at 48 kHz using 32 bits per sample (channel mask 0x3)
[2015.04.11-16.56.27:644][  0]LogInit: FAudioDevice initialized.
[2015.04.11-16.56.27:678][  0]LogAIModule: Creating AISystem for world NewWorld
[2015.04.11-16.56.27:698][  0]LogDerivedDataCache: Saved boot cache 0.02s 40MB C:/Users/John/AppData/Local/UnrealEngine/4.7/DerivedDataCache/Boot.ddc.
[2015.04.11-16.56.27:702][  0]LogInit: Texture streaming: Enabled
[2015.04.11-16.56.27:785][  0]LogAnalytics: Creating configured Analytics provider AnalyticsET
[2015.04.11-16.56.27:785][  0]LogAnalytics: ET APIKey = Rocket.Release. APIServer = http://et2.epicgames.com/ET2/. AppVersion = 4.7.5-2503383+++depot+UE4-Releases+4.7
[2015.04.11-16.56.27:785][  0]LogAnalytics: ET APIKey = Rocket.Release. DataRouterUploadURL = https://datarouter-public-service-gamedev.ol.epicgames.net/datarouter/api/v1/public/data. AppVersion = 4.7.5-2503383+++depot+UE4-Releases+4.7
[2015.04.11-16.56.27:785][  0]LogAnalytics: SetUserId d0543d674bb47fa352609ab4dcec064b|44d749521f244c0c9738673195650bc2|6dfc81fc-6ad1-4407-b6ba-5d49042fab29
[2015.04.11-16.56.27:785][  0]LogAnalytics: AnalyticsET::StartSession [Rocket.Release]
[2015.04.11-16.56.27:806][  0]LogInit: Transaction tracking system initialized
[2015.04.11-16.56.27:960][  0]BlueprintLog: New page: Editor Load
[2015.04.11-16.56.27:992][  0]LogAssetRegistry: FAssetRegistry took 0.0108 seconds to start up
[2015.04.11-16.56.27:992][  0]LogDirectoryWatcher:Warning: Failed to begin reading directory changes for ../../../Engine/Plugins/Experimental/CharacterAI/Content/. Error: 0
[2015.04.11-16.56.28:483][  0]LogTargetPlatformManager:Display: Building Assets For Windows
[2015.04.11-16.56.28:814][  0]LogTargetPlatformManager:Display: Building Assets For Windows
[2015.04.11-16.56.29:039][  0]LogSlate:Warning: Failed to load font data from '../../../Engine/Content/Editor/Slate/Fonts/Roboto-Regular.ttf'
[2015.04.11-16.56.29:039][  0]LogSlate:Warning: Failed to load font data from '../../../Engine/Content/Editor/Slate/Fonts/Roboto-Bold.ttf'
[2015.04.11-16.56.29:043][  0]LogConsoleResponse:Display: 
[2015.04.11-16.56.29:156][  0]LogCook:Display: Done creating registry. It took  0.00s.
[2015.04.11-16.56.29:280][  0]SourceControl: Info Source control is disabled
[2015.04.11-16.56.29:280][  0]Cmd: MAP LOAD FILE="../../../../../../Users/John/Google Drive/Zeke/Zeke/Content/Maps/Example_Map.umap" TEMPLATE=0 SHOWPROGRESS=1 FEATURELEVEL=3
[2015.04.11-16.56.29:280][  0]LightingResults: New page: Lighting Build
[2015.04.11-16.56.29:291][  0]MapCheck: New page: Map Check
[2015.04.11-16.56.29:291][  0]LightingResults: New page: Lighting Build
[2015.04.11-16.56.29:297][  0]LogParticles: Destroying 0 GPU particle simulations for FXSystem 0x000000E39ED6E980
[2015.04.11-16.56.32:139][  0]LogEditorServer: Finished looking for orphan Actors (0.000 secs)
[2015.04.11-16.56.32:139][  0]LogAIModule: Creating AISystem for world Example_Map
[2015.04.11-16.56.32:140][  0]Cmd: MAP CHECKDEP
[2015.04.11-16.56.32:140][  0]MapCheck: New page: Example_Map - Apr 11, 2015, 2:56:32 AM
[2015.04.11-16.56.32:222][  0]MapCheck: Info Map check complete: 0 Error(s), 0 Warning(s), took 81.713ms to complete.
[2015.04.11-16.56.32:222][  0]LogFileHelpers: Loading map 'Example_Map' took 2.942
[2015.04.11-16.56.32:309][  0]LogCollectionManager: Loaded 0 collections in 0.001366 seconds
[2015.04.11-16.56.32:318][  0]LogContentBrowser: Native class hierarchy populated in 0.0088 seconds. Added 1696 classes and 261 folders.
[2015.04.11-16.56.32:391][  0]LogContentBrowser: Native class hierarchy updated for 'SceneOutliner' in 0.0018 seconds. Added 1 classes and 2 folders.
[2015.04.11-16.56.32:436][  0]LogCrashTracker: Crashtracker disabled due to settings.
[2015.04.11-16.56.32:437][  0]LogSlate:Warning: Failed to load font data from 'Veranda'
[2015.04.11-16.56.32:444][  0]LogUObjectGlobals:Warning: Failed to find object 'Class None.'
[2015.04.11-16.56.32:469][  0]LogLoad: Full Startup: 13.62 seconds (BP compile: 0.68 seconds)
[2015.04.11-16.56.32:839][  0]LogContentBrowser:Verbose: The content browser source was changed by the sources view to '/Game/Zeke/blueprint'
[2015.04.11-16.56.33:194][  0]LogRenderer:Warning: Reallocating scene render targets to support 32x32 (Frame:2).
[2015.04.11-16.56.33:293][  0]LogRenderer:Warning: Reallocating scene render targets to support 1360x1288 (Frame:7).
[2015.04.11-16.56.33:392][  1]Cmd: UpdateLandscapeEditorData -warnings
[2015.04.11-16.56.33:393][  1]Cmd: UpdateLandscapeEditorData
[2015.04.11-16.56.35:082][  6]LogAssetRegistry: Asset discovery search completed in 7.1013 seconds
[2015.04.11-16.57.00:198][269]LogSkeletalMesh: InitArticulated: Bodies already created (/Engine/Transient.DebugSkelMeshComponent_0) - call TermArticulated first.
[2015.04.11-16.57.00:262][269]LogLinker:Warning: Asset '../../../Engine/Content/Tutorial/SubEditors/PersonaAnimEditorTutorial.uasset' has been saved with empty engine version. The asset will be loaded but may be incompatible.
[2015.04.11-16.57.23:678][ 25]BlueprintLog: New page: Compile Zeke_animation
[2015.04.11-16.57.23:789][ 25]LogActorComponent: UnregisterComponent: (/Engine/Transient.ProjectileMovementComponent_0) Not registered. Aborting.
[2015.04.11-16.57.23:789][ 25]LogActorComponent: UnregisterComponent: (/Engine/Transient.CharMoveComp) Not registered. Aborting.
[2015.04.11-16.57.23:789][ 25]LogActorComponent: UnregisterComponent: (/Engine/Transient.CharacterMovementComponent_0) Not registered. Aborting.
[2015.04.11-16.57.23:833][ 25]BlueprintEditorCompileResults: Info [0064.98] Compile of Zeke_animation successful! [in 154 ms]
[2015.04.11-16.57.32:734][ 80]BlueprintLog: New page: Compile Zeke_animation
[2015.04.11-16.57.32:859][ 80]BlueprintEditorCompileResults: Info [0074.01] Compile of Zeke_animation successful! [in 125 ms]
[2015.04.11-16.58.06:551][373]LogContentBrowser:Verbose: The majority of assets in the view are of type: AnimSequence
[2015.04.11-17.06.33:825][850]LogSavePackage: Save=496.704163ms
[2015.04.11-17.06.33:825][850]LogSavePackage: Moving '../../../../../../Users/John/Google Drive/Zeke/Zeke/Saved/Example_Map_Auto1F7AC0EB24A408342C06F8292CDF54680.tmp' to '../../../../../../Users/John/Google Drive/Zeke/Zeke/Saved/Autosaves/Game/Maps/Example_Map_Auto1.umap'
[2015.04.11-17.06.33:837][850]LogFileHelpers: Editor autosave (incl. sublevels) for '/Game/Maps/Example_Map' took 0.624
[2015.04.11-17.06.33:837][850]LogFileHelpers: Editor autosave (incl. sublevels) for all levels took 0.624
[2015.04.11-17.06.33:875][850]OBJ SavePackage: Generating thumbnails for [1] asset(s) in package [/Game/Zeke/blueprint/Zeke_animation] ([1] browsable assets)...
[2015.04.11-17.06.33:907][850]OBJ SavePackage:     Rendered thumbnail for [AnimBlueprint /Game/Zeke/blueprint/Zeke_animation.Zeke_animation]
[2015.04.11-17.06.33:907][850]OBJ SavePackage: Finished generating thumbnails for package [/Game/Zeke/blueprint/Zeke_animation]
[2015.04.11-17.06.34:396][850]LogSavePackage: Save=474.892975ms
[2015.04.11-17.06.34:397][850]LogSavePackage: Moving '../../../../../../Users/John/Google Drive/Zeke/Zeke/Saved/Zeke_animation_Auto1366B930741247F5505E7ED8EE25F743D.tmp' to '../../../../../../Users/John/Google Drive/Zeke/Zeke/Saved/Autosaves/Game/Zeke/blueprint/Zeke_animation_Auto1.uasset'
[2015.04.11-17.06.34:408][850]LogFileHelpers: Auto-saving content packages took 0.572
[2015.04.11-17.11.21:425][513]BlueprintLog: New page: Compile Zeke_animation
[2015.04.11-17.11.21:556][513]BlueprintEditorCompileResults: Info  Base Pose  was visible but ignored
[2015.04.11-17.11.21:556][513]BlueprintEditorCompileResults: Info [0902.71] Compile of Zeke_animation successful! [in 131 ms]
[2015.04.11-17.11.51:014][  2]BlueprintLog: New page: Compile Zeke_animation
[2015.04.11-17.11.51:142][  2]BlueprintEditorCompileResults: Info  Base Pose  was visible but ignored
[2015.04.11-17.11.51:142][  2]BlueprintEditorCompileResults: Info [0932.29] Compile of Zeke_animation successful! [in 127 ms]
[2015.04.11-17.12.10:224][246]BlueprintLog: New page: Compile Zeke_animation
[2015.04.11-17.12.10:349][246]BlueprintEditorCompileResults: Info  Base Pose  was visible but ignored
[2015.04.11-17.12.10:349][246]BlueprintEditorCompileResults: Info [0951.50] Compile of Zeke_animation successful! [in 125 ms]
[2015.04.11-17.12.24:519][879]BlueprintLog: New page: Compile Zeke_animation
[2015.04.11-17.12.24:639][879]BlueprintEditorCompileResults: Info  Base Pose  was visible but ignored
[2015.04.11-17.12.24:639][879]BlueprintEditorCompileResults: Info  Blend Poses 0  was visible but ignored
[2015.04.11-17.12.24:640][879]BlueprintEditorCompileResults: Info [0965.79] Compile of Zeke_animation successful! [in 119 ms]
[2015.04.11-17.12.32:188][743]BlueprintLog: New page: Compile Zeke_animation
[2015.04.11-17.12.32:308][743]BlueprintEditorCompileResults: Info  Base Pose  was visible but ignored
[2015.04.11-17.12.32:308][743]BlueprintEditorCompileResults: Info  Blend Poses 0  was visible but ignored
[2015.04.11-17.12.32:308][743]BlueprintEditorCompileResults: Info  Blend Poses 1  was visible but ignored
[2015.04.11-17.12.32:308][743]BlueprintEditorCompileResults: Info [0973.46] Compile of Zeke_animation successful! [in 120 ms]
[2015.04.11-17.12.36:648][225]BlueprintLog: New page: Compile Zeke_animation
[2015.04.11-17.12.36:771][225]BlueprintEditorCompileResults: Info  Blend Poses 0  was visible but ignored
[2015.04.11-17.12.36:771][225]BlueprintEditorCompileResults: Info  Blend Poses 1  was visible but ignored
[2015.04.11-17.12.36:771][225]BlueprintEditorCompileResults: Info [0977.92] Compile of Zeke_animation successful! [in 122 ms]
[2015.04.11-17.12.45:030][186]BlueprintLog: New page: Compile Zeke_animation
[2015.04.11-17.12.45:150][186]BlueprintEditorCompileResults: Info  Base Pose  was visible but ignored
[2015.04.11-17.12.45:150][186]BlueprintEditorCompileResults: Info  Blend Poses 1  was visible but ignored
[2015.04.11-17.12.45:150][186]BlueprintEditorCompileResults: Info [0986.30] Compile of Zeke_animation successful! [in 119 ms]
[2015.04.11-17.13.33:708][739]LogContentBrowser:Verbose: The majority of assets in the view are of type: AnimSequence
[2015.04.11-17.13.36:741][ 30]LogContentBrowser:Verbose: The majority of assets in the view are of type: AnimSequence
[2015.04.11-17.15.51:215][407]BlueprintLog: New page: Compile Zeke_animation
[2015.04.11-17.15.51:336][407]LogParticles: Destroying 0 GPU particle simulations for FXSystem 0x000000E3D1D98220
[2015.04.11-17.15.51:336][407]LogParticles: Destroying 0 GPU particle simulations for FXSystem 0x000000E3AD950FE0
[2015.04.11-17.15.51:346][407]BlueprintEditorCompileResults: Info [1172.50] Compile of Zeke_animation successful! [in 130 ms]
[2015.04.11-17.15.58:332][194]LogContentBrowser:Verbose: The majority of assets in the view are of type: AnimSequence
[2015.04.11-17.16.08:421][356]LogContentBrowser:Verbose: The majority of assets in the view are of type: AnimSequence
[2015.04.11-17.16.19:236][621]BlueprintLog: New page: Compile Zeke_animation
[2015.04.11-17.16.19:356][621]LogParticles: Destroying 0 GPU particle simulations for FXSystem 0x000000E3D2040900
[2015.04.11-17.16.19:356][621]LogParticles: Destroying 0 GPU particle simulations for FXSystem 0x000000E3A76CB920
[2015.04.11-17.16.19:366][621]BlueprintEditorCompileResults: Info [1200.52] Compile of Zeke_animation successful! [in 128 ms]
[2015.04.11-17.16.31:548][919]BlueprintLog: New page: Pre-PIE auto-recompile
[2015.04.11-17.16.31:552][919]LogPlayLevel: [PIE] Compiling Example_Map before PIE...
[2015.04.11-17.16.31:618][919]LogPlayLevel: PIE:  Blueprint regeneration took 69 ms (1 blueprints)
[2015.04.11-17.16.31:618][919]PIE: New page: PIE session: Example_Map (Apr 11, 2015, 3:16:31 AM)
[2015.04.11-17.16.31:648][919]LogPlayLevel: PIE: StaticDuplicateObject took: (0.029415s)
[2015.04.11-17.16.31:649][919]LogPlayLevel: PIE: World Init took: (0.000728s)
[2015.04.11-17.16.31:649][919]LogPlayLevel: PIE: Created PIE world by copying editor world from /Game/Maps/Example_Map.Example_Map to /Game/Maps/UEDPIE_0_Example_Map.Example_Map (0.030383s)
[2015.04.11-17.16.31:798][919]LogLinker:Warning: Can't find file '/Game/StarterContent/Textures/T_Burst_M'
[2015.04.11-17.16.31:798][919]LogLinker:Warning: Can't find file for asset '/Game/StarterContent/Textures/T_Burst_M' while loading ../../../../../../Users/John/Google Drive/Zeke/Zeke/Content/StarterContent/Particles/Materials/M_Burst.uasset.
[2015.04.11-17.16.31:798][919]LoadErrors:Error: Error /Game/StarterContent/Particles/Materials/M_Burst : Can't find file for asset. /Game/StarterContent/Textures/T_Burst_M
[2015.04.11-17.16.31:799][919]LogLinker:Warning: Can't find file '/Game/StarterContent/Textures/T_Burst_M'
[2015.04.11-17.16.31:799][919]LogLinker:Warning: Can't find file for asset '/Game/StarterContent/Textures/T_Burst_M' while loading ../../../../../../Users/John/Google Drive/Zeke/Zeke/Content/StarterContent/Particles/Materials/M_Burst.uasset.
[2015.04.11-17.16.31:801][919]LogLinker:Warning: Can't find file '/Game/StarterContent/Textures/T_Explosion_SubUV'
[2015.04.11-17.16.31:801][919]LogLinker:Warning: Can't find file for asset '/Game/StarterContent/Textures/T_Explosion_SubUV' while loading ../../../../../../Users/John/Google Drive/Zeke/Zeke/Content/StarterContent/Particles/Materials/M_explosion_subUV.uasset.
[2015.04.11-17.16.31:802][919]LoadErrors:Error: Error /Game/StarterContent/Particles/Materials/M_explosion_subUV : Can't find file for asset. /Game/StarterContent/Textures/T_Explosion_SubUV
[2015.04.11-17.16.31:802][919]LogLinker:Warning: Can't find file '/Game/StarterContent/Textures/T_Explosion_SubUV'
[2015.04.11-17.16.31:802][919]LogLinker:Warning: Can't find file for asset '/Game/StarterContent/Textures/T_Explosion_SubUV' while loading ../../../../../../Users/John/Google Drive/Zeke/Zeke/Content/StarterContent/Particles/Materials/M_explosion_subUV.uasset.
[2015.04.11-17.16.31:810][919]LogLinker:Warning: Can't find file '/Game/StarterContent/Textures/T_Smoke_SubUV'
[2015.04.11-17.16.31:810][919]LogLinker:Warning: Can't find file for asset '/Game/StarterContent/Textures/T_Smoke_SubUV' while loading ../../../../../../Users/John/Google Drive/Zeke/Zeke/Content/StarterContent/Particles/Materials/M_smoke_subUV.uasset.
[2015.04.11-17.16.31:810][919]LoadErrors:Error: Error /Game/StarterContent/Particles/Materials/M_smoke_subUV : Can't find file for asset. /Game/StarterContent/Textures/T_Smoke_SubUV
[2015.04.11-17.16.31:810][919]LogLinker:Warning: Can't find file '/Game/StarterContent/Textures/T_Smoke_Tiled_D'
[2015.04.11-17.16.31:811][919]LogLinker:Warning: Can't find file for asset '/Game/StarterContent/Textures/T_Smoke_Tiled_D' while loading ../../../../../../Users/John/Google Drive/Zeke/Zeke/Content/StarterContent/Particles/Materials/M_smoke_subUV.uasset.
[2015.04.11-17.16.31:811][919]LoadErrors:Error: Error /Game/StarterContent/Particles/Materials/M_smoke_subUV : Can't find file for asset. /Game/StarterContent/Textures/T_Smoke_Tiled_D
[2015.04.11-17.16.31:811][919]LogLinker:Warning: Can't find file '/Game/StarterContent/Textures/T_Smoke_SubUV'
[2015.04.11-17.16.31:811][919]LogLinker:Warning: Can't find file for asset '/Game/StarterContent/Textures/T_Smoke_SubUV' while loading ../../../../../../Users/John/Google Drive/Zeke/Zeke/Content/StarterContent/Particles/Materials/M_smoke_subUV.uasset.
[2015.04.11-17.16.31:811][919]LogLinker:Warning: Can't find file '/Game/StarterContent/Textures/T_Smoke_Tiled_D'
[2015.04.11-17.16.31:812][919]LogLinker:Warning: Can't find file for asset '/Game/StarterContent/Textures/T_Smoke_Tiled_D' while loading ../../../../../../Users/John/Google Drive/Zeke/Zeke/Content/StarterContent/Particles/Materials/M_smoke_subUV.uasset.
[2015.04.11-17.16.32:377][919]LogLinker:Warning: Can't find file '/Game/StarterContent/Textures/T_Burst_M'
[2015.04.11-17.16.32:378][919]LoadErrors: Info Failed to load /Game/StarterContent/Textures/T_Burst_M.T_Burst_M Referenced by MaterialExpressionTextureSample_0
[2015.04.11-17.16.32:378][919]LogLinker:Warning: Can't find file for asset '/Game/StarterContent/Textures/T_Burst_M' while loading NULL.
[2015.04.11-17.16.32:378][919]LogLinker:Warning: Can't find file '/Game/StarterContent/Textures/T_Explosion_SubUV'
[2015.04.11-17.16.32:378][919]LoadErrors: Info Failed to load /Game/StarterContent/Textures/T_Explosion_SubUV.T_Explosion_SubUV Referenced by MaterialExpressionParticleSubUV_0
[2015.04.11-17.16.32:378][919]LogLinker:Warning: Can't find file for asset '/Game/StarterContent/Textures/T_Explosion_SubUV' while loading NULL.
[2015.04.11-17.16.32:379][919]LogLinker:Warning: Can't find file '/Game/StarterContent/Textures/T_Smoke_SubUV'
[2015.04.11-17.16.32:379][919]LoadErrors: Info Failed to load /Game/StarterContent/Textures/T_Smoke_SubUV.T_Smoke_SubUV Referenced by MaterialExpressionParticleSubUV_0
[2015.04.11-17.16.32:379][919]LogLinker:Warning: Can't find file for asset '/Game/StarterContent/Textures/T_Smoke_SubUV' while loading NULL.
[2015.04.11-17.16.32:380][919]LogLinker:Warning: Can't find file '/Game/StarterContent/Textures/T_Smoke_Tiled_D'
[2015.04.11-17.16.32:380][919]LoadErrors: Info Failed to load /Game/StarterContent/Textures/T_Smoke_Tiled_D.T_Smoke_Tiled_D Referenced by MaterialExpressionTextureSample_0
[2015.04.11-17.16.32:380][919]LogLinker:Warning: Can't find file for asset '/Game/StarterContent/Textures/T_Smoke_Tiled_D' while loading NULL.
[2015.04.11-17.16.32:391][919]LogMaterial: Missing cached shader map for material M_Burst, compiling. 
[2015.04.11-17.16.32:391][919]LogMaterial:Warning: Failed to compile Material /Game/StarterContent/Particles/Materials/M_Burst.M_Burst for platform PCD3D_SM5, Default Material will be used in game.
[2015.04.11-17.16.32:391][919]LogMaterial:Warning: 	(Node TextureSample) TextureSample> Missing input texture
[2015.04.11-17.16.32:392][919]LogMaterial: Missing cached shader map for material M_explosion_subUV, compiling. 
[2015.04.11-17.16.32:393][919]LogMaterial:Warning: Failed to compile Material /Game/StarterContent/Particles/Materials/M_explosion_subUV.M_explosion_subUV for platform PCD3D_SM5, Default Material will be used in game.
[2015.04.11-17.16.32:393][919]LogMaterial:Warning: 	(Node ParticleSubUV) Missing ParticleSubUV input texture
[2015.04.11-17.16.32:397][919]LogMaterial: Missing cached shader map for material M_smoke_subUV, compiling. 
[2015.04.11-17.16.32:397][919]LogMaterial:Warning: Failed to compile Material /Game/StarterContent/Particles/Materials/M_smoke_subUV.M_smoke_subUV for platform PCD3D_SM5, Default Material will be used in game.
[2015.04.11-17.16.32:397][919]LogMaterial:Warning: 	(Node TextureSample) TextureSample> Missing input texture
[2015.04.11-17.16.32:397][919]LogMaterial:Warning: 	(Node ParticleSubUV) Missing ParticleSubUV input texture
[2015.04.11-17.16.32:464][919]LogWorld: Game class is 'MyGame_C'
[2015.04.11-17.16.32:465][919]LogAIModule: Creating AISystem for world Example_Map
[2015.04.11-17.16.32:484][919]LogWorld:Warning: *** WARNING - PATHS MAY NOT BE VALID ***
[2015.04.11-17.16.32:484][919]LogWorld: Bringing World /Game/Maps/UEDPIE_0_Example_Map.Example_Map up for play (max tick rate 0) at 2015.04.11-10.16.32
[2015.04.11-17.16.32:485][919]LogWorld: Bringing up level for play took: 0.019228
[2015.04.11-17.16.32:488][919]PIE: Info Play in editor start time for /Game/Maps/UEDPIE_0_Example_Map 0.302
[2015.04.11-17.16.47:823][238]LogActorComponent: UnregisterComponent: (/Engine/Transient.CharMoveComp) Not registered. Aborting.
[2015.04.11-17.16.47:858][239]LogParticles: Destroying 0 GPU particle simulations for FXSystem 0x000000E3A785CFE0
[2015.04.11-17.16.59:530][309]BlueprintLog: New page: Compile Zeke_animation
[2015.04.11-17.16.59:653][309]LogActorComponent: UnregisterComponent: (/Engine/Transient.CharMoveComp) Not registered. Aborting.
[2015.04.11-17.16.59:680][309]BlueprintEditorCompileResults: Info [1240.83] Compile of Zeke_animation successful! [in 149 ms]
[2015.04.11-17.17.01:363][431]LogSavePackage: Save=347.132050ms
[2015.04.11-17.17.01:363][431]LogSavePackage: Moving '../../../../../../Users/John/Google Drive/Zeke/Zeke/Saved/Example_Map_Auto21624740E4751B837BF502B873EF0175E.tmp' to '../../../../../../Users/John/Google Drive/Zeke/Zeke/Saved/Autosaves/Game/Maps/Example_Map_Auto2.umap'
[2015.04.11-17.17.01:370][431]LogFileHelpers: Editor autosave (incl. sublevels) for '/Game/Maps/Example_Map' took 0.479
[2015.04.11-17.17.01:370][431]LogFileHelpers: Editor autosave (incl. sublevels) for all levels took 0.479
[2015.04.11-17.17.01:408][431]OBJ SavePackage: Generating thumbnails for [1] asset(s) in package [/Game/Zeke/blueprint/Zeke_animation] ([1] browsable assets)...
[2015.04.11-17.17.01:425][431]OBJ SavePackage:     Rendered thumbnail for [AnimBlueprint /Game/Zeke/blueprint/Zeke_animation.Zeke_animation]
[2015.04.11-17.17.01:425][431]OBJ SavePackage: Finished generating thumbnails for package [/Game/Zeke/blueprint/Zeke_animation]
[2015.04.11-17.17.01:857][431]LogSavePackage: Save=418.540039ms
[2015.04.11-17.17.01:857][431]LogSavePackage: Moving '../../../../../../Users/John/Google Drive/Zeke/Zeke/Saved/Zeke_animation_Auto2A31C499249335A519871D3A47E8E2B97.tmp' to '../../../../../../Users/John/Google Drive/Zeke/Zeke/Saved/Autosaves/Game/Zeke/blueprint/Zeke_animation_Auto2.uasset'
[2015.04.11-17.17.01:863][431]LogFileHelpers: Auto-saving content packages took 0.494
[2015.04.11-17.17.07:062][970]BlueprintLog: New page: Pre-PIE auto-recompile
[2015.04.11-17.17.07:066][970]LogPlayLevel: [PIE] Compiling Zeke_Character before PIE...
[2015.04.11-17.17.07:259][970]LogPlayLevel: [PIE] Compiling Example_Map before PIE...
[2015.04.11-17.17.07:327][970]LogPlayLevel: PIE:  Blueprint regeneration took 264 ms (2 blueprints)
[2015.04.11-17.17.07:328][970]PIE: New page: PIE session: Example_Map (Apr 11, 2015, 3:17:07 AM)
[2015.04.11-17.17.07:354][970]LogPlayLevel: PIE: StaticDuplicateObject took: (0.026110s)
[2015.04.11-17.17.07:355][970]LogPlayLevel: PIE: World Init took: (0.000699s)
[2015.04.11-17.17.07:355][970]LogPlayLevel: PIE: Created PIE world by copying editor world from /Game/Maps/Example_Map.Example_Map to /Game/Maps/UEDPIE_0_Example_Map.Example_Map (0.027056s)
[2015.04.11-17.17.07:398][970]LogWorld: Game class is 'MyGame_C'
[2015.04.11-17.17.07:399][970]LogAIModule: Creating AISystem for world Example_Map
[2015.04.11-17.17.07:418][970]LogWorld:Warning: *** WARNING - PATHS MAY NOT BE VALID ***
[2015.04.11-17.17.07:418][970]LogWorld: Bringing World /Game/Maps/UEDPIE_0_Example_Map.Example_Map up for play (max tick rate 0) at 2015.04.11-10.17.07
[2015.04.11-17.17.07:419][970]LogWorld: Bringing up level for play took: 0.018927
[2015.04.11-17.17.07:422][970]PIE: Info Play in editor start time for /Game/Maps/UEDPIE_0_Example_Map 1.235
[2015.04.11-17.17.18:108][800]LogActorComponent: UnregisterComponent: (/Engine/Transient.CharMoveComp) Not registered. Aborting.
[2015.04.11-17.17.18:138][801]LogParticles: Destroying 0 GPU particle simulations for FXSystem 0x000000E3A89CCB80
[2015.04.11-17.18.54:975][510]BlueprintLog: New page: Compile Zeke_Character
[2015.04.11-17.18.55:092][510]LogBlueprint:Warning: [compiler] Warning Could not find a variable named "SwordBlendAmt" in 'Zeke_animation_C'.
Make sure 'Zeke_animation_C' has been compiled for  Set SwordBlendAmt 
[2015.04.11-17.18.55:121][510]LogBlueprint:Error: [compiler] Error The property associated with  Sword Blend Amt  could not be found
[2015.04.11-17.18.55:243][510]LogActorComponent: UnregisterComponent: (/Engine/Transient.CharMoveComp) Not registered. Aborting.
[2015.04.11-17.18.55:275][510]LogBlueprint:Warning: [compiler] Warning [1356.42] Compile of Zeke_Character failed. 1 Fatal Issue(s) 1 Warning(s) [in 299 ms]
[2015.04.11-17.18.55:275][510]BlueprintEditorCompileResults:Warning: Warning Could not find a variable named "SwordBlendAmt" in 'Zeke_animation_C'.
Make sure 'Zeke_animation_C' has been compiled for  Set SwordBlendAmt 
[2015.04.11-17.18.55:275][510]BlueprintEditorCompileResults:Error: Error The property associated with  Sword Blend Amt  could not be found
[2015.04.11-17.18.55:275][510]BlueprintEditorCompileResults:Warning: Warning [1356.42] Compile of Zeke_Character failed. 1 Fatal Issue(s) 1 Warning(s) [in 299 ms]
[2015.04.11-17.18.57:153][704]BlueprintLog: New page: Compile Zeke_animation
[2015.04.11-17.18.57:308][704]BlueprintEditorCompileResults: Info [1358.46] Compile of Zeke_animation successful! [in 155 ms]
[2015.04.11-17.19.08:308][871]BlueprintLog: New page: Compile Zeke_animation
[2015.04.11-17.19.08:455][871]BlueprintEditorCompileResults: Info [1369.60] Compile of Zeke_animation successful! [in 146 ms]
[2015.04.11-17.19.32:048][508]BlueprintLog: New page: Compile Zeke_Character
[2015.04.11-17.19.32:255][508]BlueprintEditorCompileResults: Info [1393.40] Compile of Zeke_Character successful! [in 206 ms]
[2015.04.11-17.19.36:538][961]BlueprintLog: New page: Compile Zeke_Character
[2015.04.11-17.19.36:752][961]BlueprintEditorCompileResults: Info [1397.90] Compile of Zeke_Character successful! [in 212 ms]
[2015.04.11-17.19.37:598][ 57]BlueprintLog: New page: Compile Zeke_Character
[2015.04.11-17.19.37:810][ 57]BlueprintEditorCompileResults: Info [1398.96] Compile of Zeke_Character successful! [in 211 ms]
[2015.04.11-17.19.50:442][484]BlueprintLog: New page: Compile Zeke_animation
[2015.04.11-17.19.50:610][484]BlueprintEditorCompileResults: Info [1411.76] Compile of Zeke_animation successful! [in 168 ms]
[2015.04.11-17.19.54:966][969]LogContentBrowser:Verbose: The majority of assets in the view are of type: AnimSequence
[2015.04.11-17.20.20:034][446]Cmd: OBJ SAVEPACKAGE PACKAGE="/Game/Animations/strikedown" FILE="../../../../../../Users/John/Google Drive/Zeke/Zeke/Content/Animations/strikedown.uasset" SILENT=true
[2015.04.11-17.20.20:362][446]LogSavePackage: Save=302.397125ms
[2015.04.11-17.20.20:362][446]LogSavePackage: Moving '../../../../../../Users/John/Google Drive/Zeke/Zeke/Saved/strikedownC337614141508D4A6A474F968276B3E4.tmp' to '../../../../../../Users/John/Google Drive/Zeke/Zeke/Content/Animations/strikedown.uasset'
[2015.04.11-17.20.48:582][385]BlueprintLog: New page: Compile Zeke_animation
[2015.04.11-17.20.48:742][385]LogParticles: Destroying 0 GPU particle simulations for FXSystem 0x000000E3A5B62160
[2015.04.11-17.20.48:742][385]LogParticles: Destroying 0 GPU particle simulations for FXSystem 0x000000E3A5FE1E40
[2015.04.11-17.20.48:743][385]LogParticles: Destroying 0 GPU particle simulations for FXSystem 0x000000E3AD6E8AE0
[2015.04.11-17.20.48:743][385]LogParticles: Destroying 0 GPU particle simulations for FXSystem 0x000000E3A5B62200
[2015.04.11-17.20.48:758][385]BlueprintEditorCompileResults: Info [1469.91] Compile of Zeke_animation successful! [in 175 ms]
[2015.04.11-17.20.52:282][747]BlueprintLog: New page: Compile Zeke_Character
[2015.04.11-17.20.52:496][747]BlueprintEditorCompileResults: Info [1473.64] Compile of Zeke_Character successful! [in 213 ms]
[2015.04.11-17.20.54:463][906]BlueprintLog: New page: Pre-PIE auto-recompile
[2015.04.11-17.20.54:466][906]LogPlayLevel: [PIE] Compiling Example_Map before PIE...
[2015.04.11-17.20.54:516][906]LogActorComponent: UnregisterComponent: (/Engine/Transient.CharMoveComp) Not registered. Aborting.
[2015.04.11-17.20.54:535][906]LogPlayLevel: PIE:  Blueprint regeneration took 71 ms (1 blueprints)
[2015.04.11-17.20.54:535][906]PIE: New page: PIE session: Example_Map (Apr 11, 2015, 3:20:54 AM)
[2015.04.11-17.20.54:567][906]LogPlayLevel: PIE: StaticDuplicateObject took: (0.031372s)
[2015.04.11-17.20.54:567][906]LogPlayLevel: PIE: World Init took: (0.000713s)
[2015.04.11-17.20.54:568][906]LogPlayLevel: PIE: Created PIE world by copying editor world from /Game/Maps/Example_Map.Example_Map to /Game/Maps/UEDPIE_0_Example_Map.Example_Map (0.032337s)
[2015.04.11-17.20.54:613][906]LogWorld: Game class is 'MyGame_C'
[2015.04.11-17.20.54:615][906]LogAIModule: Creating AISystem for world Example_Map
[2015.04.11-17.20.54:633][906]LogWorld:Warning: *** WARNING - PATHS MAY NOT BE VALID ***
[2015.04.11-17.20.54:633][906]LogWorld: Bringing World /Game/Maps/UEDPIE_0_Example_Map.Example_Map up for play (max tick rate 0) at 2015.04.11-10.20.54
[2015.04.11-17.20.54:634][906]LogWorld: Bringing up level for play took: 0.018928
[2015.04.11-17.20.54:637][906]PIE: Info Play in editor start time for /Game/Maps/UEDPIE_0_Example_Map 0.451
[2015.04.11-17.21.26:574][447]LogParticles: Destroying 0 GPU particle simulations for FXSystem 0x000000E3D5D81940
[2015.04.11-17.21.41:393][954]LogContentBrowser:Verbose: The majority of assets in the view are of type: AnimSequence
[2015.04.11-17.21.51:715][ 41]Cmd: OBJ SAVEPACKAGE PACKAGE="/Game/Animations/strikedown" FILE="../../../../../../Users/John/Google Drive/Zeke/Zeke/Content/Animations/strikedown.uasset" SILENT=true
[2015.04.11-17.21.51:729][ 41]LogSavePackage: Save=5.722210ms
[2015.04.11-17.21.51:729][ 41]LogSavePackage: Moving '../../../../../../Users/John/Google Drive/Zeke/Zeke/Saved/strikedownBA0EFFA7430938AFE56EA1A7BCD745DD.tmp' to '../../../../../../Users/John/Google Drive/Zeke/Zeke/Content/Animations/strikedown.uasset'
[2015.04.11-17.21.51:738][ 41]Cmd: OBJ SAVEPACKAGE PACKAGE="/Game/Animations/strikedown" FILE="../../../../../../Users/John/Google Drive/Zeke/Zeke/Content/Animations/strikedown.uasset" SILENT=true
[2015.04.11-17.21.51:751][ 41]LogSavePackage: Save=5.626029ms
[2015.04.11-17.21.51:751][ 41]LogSavePackage: Moving '../../../../../../Users/John/Google Drive/Zeke/Zeke/Saved/strikedown57AC285342469E1961F4ECB09632F660.tmp' to '../../../../../../Users/John/Google Drive/Zeke/Zeke/Content/Animations/strikedown.uasset'
[2015.04.11-17.23.11:854][496]BlueprintLog: New page: Compile Zeke_Character
[2015.04.11-17.23.12:044][496]LogActorComponent: UnregisterComponent: (/Engine/Transient.CharMoveComp) Not registered. Aborting.
[2015.04.11-17.23.12:062][496]LogParticles: Destroying 0 GPU particle simulations for FXSystem 0x000000E3DF1C16C0
[2015.04.11-17.23.12:072][496]BlueprintEditorCompileResults: Info [1613.22] Compile of Zeke_Character successful! [in 217 ms]
[2015.04.11-17.23.19:885][289]BlueprintLog: New page: Pre-PIE auto-recompile
[2015.04.11-17.23.19:888][289]LogPlayLevel: [PIE] Compiling Example_Map before PIE...
[2015.04.11-17.23.19:938][289]LogActorComponent: UnregisterComponent: (/Engine/Transient.CharMoveComp) Not registered. Aborting.
[2015.04.11-17.23.19:957][289]LogPlayLevel: PIE:  Blueprint regeneration took 72 ms (1 blueprints)
[2015.04.11-17.23.19:957][289]PIE: New page: PIE session: Example_Map (Apr 11, 2015, 3:23:19 AM)
[2015.04.11-17.23.19:988][289]LogPlayLevel: PIE: StaticDuplicateObject took: (0.030295s)
[2015.04.11-17.23.19:989][289]LogPlayLevel: PIE: World Init took: (0.000712s)
[2015.04.11-17.23.19:989][289]LogPlayLevel: PIE: Created PIE world by copying editor world from /Game/Maps/Example_Map.Example_Map to /Game/Maps/UEDPIE_0_Example_Map.Example_Map (0.031237s)
[2015.04.11-17.23.20:033][289]LogWorld: Game class is 'MyGame_C'
[2015.04.11-17.23.20:034][289]LogAIModule: Creating AISystem for world Example_Map
[2015.04.11-17.23.20:052][289]LogWorld:Warning: *** WARNING - PATHS MAY NOT BE VALID ***
[2015.04.11-17.23.20:052][289]LogWorld: Bringing World /Game/Maps/UEDPIE_0_Example_Map.Example_Map up for play (max tick rate 0) at 2015.04.11-10.23.20
[2015.04.11-17.23.20:054][289]LogWorld: Bringing up level for play took: 0.019031
[2015.04.11-17.23.20:057][289]PIE: Info Play in editor start time for /Game/Maps/UEDPIE_0_Example_Map -0.13
[2015.04.11-17.23.55:063][820]LogParticles: Destroying 0 GPU particle simulations for FXSystem 0x000000E3B0374900
[2015.04.11-17.24.45:268][499]BlueprintLog: New page: Compile Zeke_animation
[2015.04.11-17.24.45:427][499]LogParticles: Destroying 0 GPU particle simulations for FXSystem 0x000000E3DF74C400
[2015.04.11-17.24.45:427][499]LogParticles: Destroying 0 GPU particle simulations for FXSystem 0x000000E3A7BABF60
[2015.04.11-17.24.45:427][499]LogParticles: Destroying 0 GPU particle simulations for FXSystem 0x000000E3A9126A20
[2015.04.11-17.24.45:442][499]BlueprintEditorCompileResults: Info [1706.59] Compile of Zeke_animation successful! [in 173 ms]
[2015.04.11-17.24.49:385][969]BlueprintLog: New page: Compile Zeke_animation
[2015.04.11-17.24.49:544][969]BlueprintEditorCompileResults: Info [1710.69] Compile of Zeke_animation successful! [in 158 ms]
[2015.04.11-17.24.51:861][244]BlueprintLog: New page: Compile Zeke_animation
[2015.04.11-17.24.52:024][244]BlueprintEditorCompileResults: Info [1713.17] Compile of Zeke_animation successful! [in 163 ms]
[2015.04.11-17.24.57:032][809]LogContentBrowser:Verbose: The majority of assets in the view are of type: AnimSequence
[2015.04.11-17.25.28:213][149]Cmd: OBJ SAVEPACKAGE PACKAGE="/Game/Animations/strikedown" FILE="../../../../../../Users/John/Google Drive/Zeke/Zeke/Content/Animations/strikedown.uasset" SILENT=true
[2015.04.11-17.25.28:231][149]LogSavePackage: Save=5.682916ms
[2015.04.11-17.25.28:231][149]LogSavePackage: Moving '../../../../../../Users/John/Google Drive/Zeke/Zeke/Saved/strikedown4759A60F4056C01B69473482427BD58D.tmp' to '../../../../../../Users/John/Google Drive/Zeke/Zeke/Content/Animations/strikedown.uasset'
[2015.04.11-17.25.28:240][149]Cmd: OBJ SAVEPACKAGE PACKAGE="/Game/Animations/strikedown" FILE="../../../../../../Users/John/Google Drive/Zeke/Zeke/Content/Animations/strikedown.uasset" SILENT=true
[2015.04.11-17.25.28:254][149]LogSavePackage: Save=5.574126ms
[2015.04.11-17.25.28:254][149]LogSavePackage: Moving '../../../../../../Users/John/Google Drive/Zeke/Zeke/Saved/strikedown4963F2E14B3658DB633A14A3633DF110.tmp' to '../../../../../../Users/John/Google Drive/Zeke/Zeke/Content/Animations/strikedown.uasset'
[2015.04.11-17.25.28:260][149]Cmd: OBJ SAVEPACKAGE PACKAGE="/Game/Animations/strikedown" FILE="../../../../../../Users/John/Google Drive/Zeke/Zeke/Content/Animations/strikedown.uasset" SILENT=true
[2015.04.11-17.25.28:274][149]LogSavePackage: Save=5.665908ms
[2015.04.11-17.25.28:274][149]LogSavePackage: Moving '../../../../../../Users/John/Google Drive/Zeke/Zeke/Saved/strikedownB42A8C0A4B9635B93FB4CDB3B86E606C.tmp' to '../../../../../../Users/John/Google Drive/Zeke/Zeke/Content/Animations/strikedown.uasset'
[2015.04.11-17.25.31:693][489]BlueprintLog: New page: Compile Zeke_Character
[2015.04.11-17.25.31:898][489]LogParticles: Destroying 0 GPU particle simulations for FXSystem 0x000000E3C5C6BCE0
[2015.04.11-17.25.31:908][489]BlueprintEditorCompileResults: Info [1753.06] Compile of Zeke_Character successful! [in 215 ms]
[2015.04.11-17.25.36:503][937]BlueprintLog: New page: Pre-PIE auto-recompile
[2015.04.11-17.25.36:506][937]LogPlayLevel: [PIE] Compiling Example_Map before PIE...
[2015.04.11-17.25.36:556][937]LogActorComponent: UnregisterComponent: (/Engine/Transient.CharMoveComp) Not registered. Aborting.
[2015.04.11-17.25.36:576][937]LogPlayLevel: PIE:  Blueprint regeneration took 72 ms (1 blueprints)
[2015.04.11-17.25.36:576][937]PIE: New page: PIE session: Example_Map (Apr 11, 2015, 3:25:36 AM)
[2015.04.11-17.25.36:606][937]LogPlayLevel: PIE: StaticDuplicateObject took: (0.029853s)
[2015.04.11-17.25.36:607][937]LogPlayLevel: PIE: World Init took: (0.000978s)
[2015.04.11-17.25.36:607][937]LogPlayLevel: PIE: Created PIE world by copying editor world from /Game/Maps/Example_Map.Example_Map to /Game/Maps/UEDPIE_0_Example_Map.Example_Map (0.031036s)
[2015.04.11-17.25.36:655][937]LogWorld: Game class is 'MyGame_C'
[2015.04.11-17.25.36:658][937]LogAIModule: Creating AISystem for world Example_Map
[2015.04.11-17.25.36:690][937]LogWorld:Warning: *** WARNING - PATHS MAY NOT BE VALID ***
[2015.04.11-17.25.36:690][937]LogWorld: Bringing World /Game/Maps/UEDPIE_0_Example_Map.Example_Map up for play (max tick rate 0) at 2015.04.11-10.25.36
[2015.04.11-17.25.36:691][937]LogWorld: Bringing up level for play took: 0.032443
[2015.04.11-17.25.36:695][937]PIE: Info Play in editor start time for /Game/Maps/UEDPIE_0_Example_Map 0.508
[2015.04.11-17.26.47:971][103]Cmd: OBJ SAVEPACKAGE PACKAGE="/Game/Maps/Example_Map" FILE="../../../../../../Users/John/Google Drive/Zeke/Zeke/Content/Maps/Example_Map.umap" SILENT=true AUTOSAVING=false KEEPDIRTY=false
[2015.04.11-17.26.48:361][103]LogSavePackage: Save=352.490356ms
[2015.04.11-17.26.48:361][103]LogSavePackage: Moving '../../../../../../Users/John/Google Drive/Zeke/Zeke/Saved/Example_Map352D46494D9007659C13DF8A2B5A7CDF.tmp' to '../../../../../../Users/John/Google Drive/Zeke/Zeke/Content/Maps/Example_Map.umap'
[2015.04.11-17.27.06:917][244]LogOutputDevice: === Handled error: ===

Ensure condition failed: NewObject->IsA(this->GeneratedClass) [File:D:\BuildFarm\buildmachine_++depot+UE4-Releases+4.7\Engine\Source\Runtime\Engine\Private\Blueprint.cpp] [Line: 601]

Stack: 
UE4Editor-Core.dll!FWindowsPlatformStackWalk::StackWalkAndDump() (0x00007ffe00ba9ed6) + 0 bytes [d:\buildfarm\buildmachine_++depot+ue4-releases+4.7\engine\source\runtime\core\private\windows\windowsplatformstackwalk.cpp:174]
UE4Editor-Core.dll!FDebug::EnsureFailed() (0x00007ffe00a12ffd) + 0 bytes [d:\buildfarm\buildmachine_++depot+ue4-releases+4.7\engine\source\runtime\core\private\misc\outputdevice.cpp:279]
UE4Editor-Engine.dll!UBlueprint::SetObjectBeingDebugged() (0x00007ffdea5724b9) + 0 bytes [d:\buildfarm\buildmachine_++depot+ue4-releases+4.7\engine\source\runtime\engine\private\blueprint.cpp:603]
UE4Editor-Engine.dll!UWorld::TransferBlueprintDebugReferences() (0x00007ffdead76d6b) + 16 bytes [d:\buildfarm\buildmachine_++depot+ue4-releases+4.7\engine\source\runtime\engine\private\world.cpp:1435]
UE4Editor-UnrealEd.dll!UEditorEngine::TeardownPlaySession() (0x00007ffdeedb6044) + 0 bytes [d:\buildfarm\buildmachine_++depot+ue4-releases+4.7\engine\source\editor\unrealed\private\playlevel.cpp:497]
UE4Editor-UnrealEd.dll!UEditorEngine::EndPlayMap() (0x00007ffdeed571ac) + 0 bytes [d:\buildfarm\buildmachine_++depot+ue4-releases+4.7\engine\source\editor\unrealed\private\playlevel.cpp:182]
UE4Editor-UnrealEd.dll!UEditorEngine::Tick() (0x00007ffdeeaef358) + 0 bytes [d:\buildfarm\buildmachine_++depot+ue4-releases+4.7\engine\source\editor\unrealed\private\editor.cpp:1570]
UE4Editor-UnrealEd.dll!UUnrealEdEngine::Tick() (0x00007ffdeefa8306) + 0 bytes [d:\buildfarm\buildmachine_++depot+ue4-releases+4.7\engine\source\editor\unrealed\private\unrealedengine.cpp:347]
UE4Editor.exe!FEngineLoop::Tick() (0x00007ff7cf000263) + 0 bytes [d:\buildfarm\buildmachine_++depot+ue4-releases+4.7\engine\source\runtime\launch\private\launchengineloop.cpp:2257]
UE4Editor.exe!GuardedMain() (0x00007ff7ceff267c) + 0 bytes [d:\buildfarm\buildmachine_++depot+ue4-releases+4.7\engine\source\runtime\launch\private\launch.cpp:142]
UE4Editor.exe!GuardedMainWrapper() (0x00007ff7ceff26ea) + 5 bytes [d:\buildfarm\buildmachine_++depot+ue4-releases+4.7\engine\source\runtime\launch\private\windows\launchwindows.cpp:126]
UE4Editor.exe!WinMain() (0x00007ff7cf002219) + 17 bytes [d:\buildfarm\buildmachine_++depot+ue4-releases+4.7\engine\source\runtime\launch\private\windows\launchwindows.cpp:202]
UE4Editor.exe!__tmainCRTStartup() (0x00007ff7cf003159) + 21 bytes [f:\dd\vctools\crt\crtw32\dllstuff\crtexe.c:618]
KERNEL32.DLL!UnknownFunction (0x00007ffe0ca316ad) + 0 bytes [UnknownFile:0]
ntdll.dll!UnknownFunction (0x00007ffe0d9ee954) + 0 bytes [UnknownFile:0]
ntdll.dll!UnknownFunction (0x00007ffe0d9ee954) + 0 bytes [UnknownFile:0]

[2015.04.11-17.27.07:947][245]LogParticles: Destroying 0 GPU particle simulations for FXSystem 0x000000E3CAF9A700
[2015.04.11-17.27.18:236][328]Cmd: OBJ SAVEPACKAGE PACKAGE="/Game/Maps/Example_Map" FILE="../../../../../../Users/John/Google Drive/Zeke/Zeke/Content/Maps/Example_Map.umap" SILENT=true AUTOSAVING=false KEEPDIRTY=false
[2015.04.11-17.27.18:611][328]LogSavePackage: Save=346.769897ms
[2015.04.11-17.27.18:611][328]LogSavePackage: Moving '../../../../../../Users/John/Google Drive/Zeke/Zeke/Saved/Example_Map1A98D41A4DDE7485681CAB91E1C0BBAD.tmp' to '../../../../../../Users/John/Google Drive/Zeke/Zeke/Content/Maps/Example_Map.umap'
[2015.04.11-17.27.20:223][471]BlueprintLog: New page: Compile Zeke_Character
[2015.04.11-17.27.20:436][471]BlueprintEditorCompileResults: Info [1861.59] Compile of Zeke_Character successful! [in 212 ms]
[2015.04.11-17.27.22:436][664]Cmd: OBJ SAVEPACKAGE PACKAGE="/Game/Zeke/blueprint/Zeke_Character" FILE="../../../../../../Users/John/Google Drive/Zeke/Zeke/Content/Zeke/blueprint/Zeke_Character.uasset" SILENT=true
[2015.04.11-17.27.23:000][664]LogSavePackage: Save=552.430481ms
[2015.04.11-17.27.23:000][664]LogSavePackage: Moving '../../../../../../Users/John/Google Drive/Zeke/Zeke/Saved/Zeke_CharacterA723706F455DF2DBADBF1C9725A4832C.tmp' to '../../../../../../Users/John/Google Drive/Zeke/Zeke/Content/Zeke/blueprint/Zeke_Character.uasset'
[2015.04.11-17.27.25:285][876]Cmd: OBJ SAVEPACKAGE PACKAGE="/Game/Animations/strikedown" FILE="../../../../../../Users/John/Google Drive/Zeke/Zeke/Content/Animations/strikedown.uasset" SILENT=true
[2015.04.11-17.27.25:299][876]LogSavePackage: Save=5.911347ms
[2015.04.11-17.27.25:299][876]LogSavePackage: Moving '../../../../../../Users/John/Google Drive/Zeke/Zeke/Saved/strikedownEAF66974408E30AEFF475EAC869574C9.tmp' to '../../../../../../Users/John/Google Drive/Zeke/Zeke/Content/Animations/strikedown.uasset'
[2015.04.11-17.27.25:313][876]Cmd: OBJ SAVEPACKAGE PACKAGE="/Game/Animations/strikedown" FILE="../../../../../../Users/John/Google Drive/Zeke/Zeke/Content/Animations/strikedown.uasset" SILENT=true
[2015.04.11-17.27.25:328][876]LogSavePackage: Save=5.639811ms
[2015.04.11-17.27.25:328][876]LogSavePackage: Moving '../../../../../../Users/John/Google Drive/Zeke/Zeke/Saved/strikedown0FA0437744FD44FF10CE63804047B3D9.tmp' to '../../../../../../Users/John/Google Drive/Zeke/Zeke/Content/Animations/strikedown.uasset'
[2015.04.11-17.27.25:334][876]Cmd: OBJ SAVEPACKAGE PACKAGE="/Game/Animations/strikedown" FILE="../../../../../../Users/John/Google Drive/Zeke/Zeke/Content/Animations/strikedown.uasset" SILENT=true
[2015.04.11-17.27.25:348][876]LogSavePackage: Save=5.657404ms
[2015.04.11-17.27.25:348][876]LogSavePackage: Moving '../../../../../../Users/John/Google Drive/Zeke/Zeke/Saved/strikedown1F2EEED74167B2AB997255AA91EBF62E.tmp' to '../../../../../../Users/John/Google Drive/Zeke/Zeke/Content/Animations/strikedown.uasset'
[2015.04.11-17.27.27:386][ 65]Cmd: OBJ SAVEPACKAGE PACKAGE="/Game/Animations/strikedown" FILE="../../../../../../Users/John/Google Drive/Zeke/Zeke/Content/Animations/strikedown.uasset" SILENT=true
[2015.04.11-17.27.27:399][ 65]LogSavePackage: Save=5.127527ms
[2015.04.11-17.27.27:399][ 65]LogSavePackage: Moving '../../../../../../Users/John/Google Drive/Zeke/Zeke/Saved/strikedown01EE7F9F42E54577517B798F0C7FBD9E.tmp' to '../../../../../../Users/John/Google Drive/Zeke/Zeke/Content/Animations/strikedown.uasset'
[2015.04.11-17.27.27:414][ 65]Cmd: OBJ SAVEPACKAGE PACKAGE="/Game/Animations/strikedown" FILE="../../../../../../Users/John/Google Drive/Zeke/Zeke/Content/Animations/strikedown.uasset" SILENT=true
[2015.04.11-17.27.27:428][ 65]LogSavePackage: Save=5.655645ms
[2015.04.11-17.27.27:428][ 65]LogSavePackage: Moving '../../../../../../Users/John/Google Drive/Zeke/Zeke/Saved/strikedown69F1B7624EBDD2961E5BF4A2BD69D7F5.tmp' to '../../../../../../Users/John/Google Drive/Zeke/Zeke/Content/Animations/strikedown.uasset'
[2015.04.11-17.27.27:434][ 65]Cmd: OBJ SAVEPACKAGE PACKAGE="/Game/Animations/strikedown" FILE="../../../../../../Users/John/Google Drive/Zeke/Zeke/Content/Animations/strikedown.uasset" SILENT=true
[2015.04.11-17.27.27:448][ 65]LogSavePackage: Save=5.764436ms
[2015.04.11-17.27.27:448][ 65]LogSavePackage: Moving '../../../../../../Users/John/Google Drive/Zeke/Zeke/Saved/strikedownBA1CC88343EEA1D9FE16D7AC134E5A1F.tmp' to '../../../../../../Users/John/Google Drive/Zeke/Zeke/Content/Animations/strikedown.uasset'
[2015.04.11-17.27.29:141][229]LogActorComponent: UnregisterComponent: (/Engine/Transient.CharMoveComp) Not registered. Aborting.
[2015.04.11-17.27.31:421][229]Cmd: OBJ SAVEPACKAGE PACKAGE="/Game/Zeke/blueprint/Zeke_animation" FILE="../../../../../../Users/John/Google Drive/Zeke/Zeke/Content/Zeke/blueprint/Zeke_animation.uasset" SILENT=true
[2015.04.11-17.27.31:807][229]LogSavePackage: Save=359.397827ms
[2015.04.11-17.27.31:807][229]LogSavePackage: Moving '../../../../../../Users/John/Google Drive/Zeke/Zeke/Saved/Zeke_animation14E231DB4064C0ACAB47139B688376E8.tmp' to '../../../../../../Users/John/Google Drive/Zeke/Zeke/Content/Zeke/blueprint/Zeke_animation.uasset'
[2015.04.11-17.27.32:562][230]Cmd: QUIT_EDITOR
[2015.04.11-17.27.32:786][230]LogExit: Preparing to exit.
[2015.04.11-17.27.33:740][230]LogExit: Editor shut down
[2015.04.11-17.27.33:740][230]LogExit: Transaction tracking system shut down
[2015.04.11-17.27.33:741][230]LogParticles: Destroying 0 GPU particle simulations for FXSystem 0x000000E3A779E520
[2015.04.11-17.27.33:741][230]LogParticles: Destroying 0 GPU particle simulations for FXSystem 0x000000E3BF9D8400
[2015.04.11-17.27.33:742][230]LogParticles: Destroying 0 GPU particle simulations for FXSystem 0x000000E3CD519D00
[2015.04.11-17.27.33:742][230]LogParticles: Destroying 0 GPU particle simulations for FXSystem 0x000000E3C6573B00
[2015.04.11-17.27.33:742][230]LogParticles: Destroying 0 GPU particle simulations for FXSystem 0x000000E3C6573880
[2015.04.11-17.27.33:742][230]LogParticles: Destroying 0 GPU particle simulations for FXSystem 0x000000E3CB185C60
[2015.04.11-17.27.33:742][230]LogParticles: Destroying 0 GPU particle simulations for FXSystem 0x000000E3D2043100
[2015.04.11-17.27.33:742][230]LogParticles: Destroying 0 GPU particle simulations for FXSystem 0x000000E3A599BB00
[2015.04.11-17.27.33:742][230]LogParticles: Destroying 0 GPU particle simulations for FXSystem 0x000000E3D6F647C0
[2015.04.11-17.27.33:743][230]LogParticles: Destroying 0 GPU particle simulations for FXSystem 0x000000E3DB3B7F60
[2015.04.11-17.27.33:743][230]LogParticles: Destroying 0 GPU particle simulations for FXSystem 0x000000E3BFBFCA40
[2015.04.11-17.27.33:743][230]LogParticles: Destroying 0 GPU particle simulations for FXSystem 0x000000E3ADCDECA0
[2015.04.11-17.27.33:743][230]LogParticles: Destroying 0 GPU particle simulations for FXSystem 0x000000E3ADCDF600
[2015.04.11-17.27.33:828][230]LogExit: Object subsystem successfully closed.
[2015.04.11-17.27.33:891][230]LogModuleManager: Shutting down and abandoning module CrashTracker (177)
[2015.04.11-17.27.33:891][230]LogModuleManager: Shutting down and abandoning module SuperSearch (176)
[2015.04.11-17.27.33:891][230]LogModuleManager: Shutting down and abandoning module SceneOutliner (175)
[2015.04.11-17.27.33:891][230]LogModuleManager: Shutting down and abandoning module EditorWidgets (174)
[2015.04.11-17.27.33:891][230]LogModuleManager: Shutting down and abandoning module CollectionManager (173)
[2015.04.11-17.27.33:891][230]LogModuleManager: Shutting down and abandoning module StatsViewer (172)
[2015.04.11-17.27.33:891][230]LogModuleManager: Shutting down and abandoning module FoliageEdit (171)
[2015.04.11-17.27.33:891][230]LogModuleManager: Shutting down and abandoning module LandscapeEditor (170)
[2015.04.11-17.27.33:891][230]LogModuleManager: Shutting down and abandoning module MeshPaint (169)
[2015.04.11-17.27.33:891][230]LogModuleManager: Shutting down and abandoning module ActorPickerMode (168)
[2015.04.11-17.27.33:891][230]LogModuleManager: Shutting down and abandoning module GeometryMode (167)
[2015.04.11-17.27.33:891][230]LogModuleManager: Shutting down and abandoning module TextureAlignMode (166)
[2015.04.11-17.27.33:891][230]LogModuleManager: Shutting down and abandoning module BspMode (165)
[2015.04.11-17.27.33:891][230]LogModuleManager: Shutting down and abandoning module PlacementMode (164)
[2015.04.11-17.27.33:891][230]LogModuleManager: Shutting down and abandoning module AutomationWorker (163)
[2015.04.11-17.27.33:892][230]LogModuleManager: Shutting down and abandoning module CharacterAI (162)
[2015.04.11-17.27.33:892][230]LogModuleManager: Shutting down and abandoning module SmartSnapping (161)
[2015.04.11-17.27.33:892][230]LogModuleManager: Shutting down and abandoning module ViewportSnapping (160)
[2015.04.11-17.27.33:892][230]LogModuleManager: Shutting down and abandoning module LogVisualizer (159)
[2015.04.11-17.27.33:892][230]LogModuleManager: Shutting down and abandoning module GameProjectGeneration (158)
[2015.04.11-17.27.33:892][230]LogModuleManager: Shutting down and abandoning module IntroTutorials (157)
[2015.04.11-17.27.33:892][230]LogModuleManager: Shutting down and abandoning module EditorLiveStreaming (156)
[2015.04.11-17.27.33:892][230]LogModuleManager: Shutting down and abandoning module HardwareTargeting (155)
[2015.04.11-17.27.33:892][230]LogModuleManager: Shutting down and abandoning module DeviceProfileEditor (154)
[2015.04.11-17.27.33:892][230]LogModuleManager: Shutting down and abandoning module UndoHistory (153)
[2015.04.11-17.27.33:892][230]LogModuleManager: Shutting down and abandoning module GameplayTagsEditor (152)
[2015.04.11-17.27.33:892][230]LogModuleManager: Shutting down and abandoning module UserFeedback (151)
[2015.04.11-17.27.33:892][230]LogModuleManager: Shutting down and abandoning module XmlParser (150)
[2015.04.11-17.27.33:892][230]LogModuleManager: Shutting down and abandoning module Blutility (149)
[2015.04.11-17.27.33:892][230]LogModuleManager: Shutting down and abandoning module IOSPlatformEditor (148)
[2015.04.11-17.27.33:892][230]LogModuleManager: Shutting down and abandoning module IOSRuntimeSettings (147)
[2015.04.11-17.27.33:892][230]LogModuleManager: Shutting down and abandoning module AndroidDeviceDetection (146)
[2015.04.11-17.27.33:938][230]LogModuleManager: Shutting down and abandoning module AndroidPlatformEditor (145)
[2015.04.11-17.27.33:938][230]LogModuleManager: Shutting down and abandoning module AndroidRuntimeSettings (144)
[2015.04.11-17.27.33:938][230]LogModuleManager: Shutting down and abandoning module ProjectTargetPlatformEditor (143)
[2015.04.11-17.27.33:938][230]LogModuleManager: Shutting down and abandoning module ProjectSettingsViewer (142)
[2015.04.11-17.27.33:938][230]LogModuleManager: Shutting down and abandoning module InputBindingEditor (141)
[2015.04.11-17.27.33:938][230]LogModuleManager: Shutting down and abandoning module EditorSettingsViewer (140)
[2015.04.11-17.27.33:938][230]LogModuleManager: Shutting down and abandoning module SettingsEditor (139)
[2015.04.11-17.27.33:938][230]LogModuleManager: Shutting down and abandoning module ProjectLauncher (138)
[2015.04.11-17.27.33:938][230]LogModuleManager: Shutting down and abandoning module SessionFrontend (137)
[2015.04.11-17.27.33:938][230]LogModuleManager: Shutting down and abandoning module ProfilerClient (136)
[2015.04.11-17.27.33:938][230]LogModuleManager: Shutting down and abandoning module TargetDeviceServices (135)
[2015.04.11-17.27.33:938][230]LogModuleManager: Shutting down and abandoning module DeviceManager (134)
[2015.04.11-17.27.33:938][230]LogModuleManager: Shutting down and abandoning module AutomationController (133)
[2015.04.11-17.27.33:938][230]LogModuleManager: Shutting down and abandoning module AutomationWindow (132)
[2015.04.11-17.27.33:938][230]LogModuleManager: Shutting down and abandoning module Layers (131)
[2015.04.11-17.27.33:938][230]LogModuleManager: Shutting down and abandoning module ComponentVisualizers (130)
[2015.04.11-17.27.33:938][230]LogModuleManager: Shutting down and abandoning module DetailCustomizations (129)
[2015.04.11-17.27.33:938][230]LogModuleManager: Shutting down and abandoning module PackagesDialog (128)
[2015.04.11-17.27.33:938][230]LogModuleManager: Shutting down and abandoning module AssetRegistry (127)
[2015.04.11-17.27.33:971][230]LogModuleManager: Shutting down and abandoning module Persona (126)
[2015.04.11-17.27.33:971][230]LogModuleManager: Shutting down and abandoning module SlateReflector (125)
[2015.04.11-17.27.33:971][230]LogModuleManager: Shutting down and abandoning module LevelEditor (124)
[2015.04.11-17.27.33:973][230]LogModuleManager: Shutting down and abandoning module Kismet (123)
[2015.04.11-17.27.33:973][230]LogModuleManager: Shutting down and abandoning module GraphEditor (122)
[2015.04.11-17.27.33:973][230]LogModuleManager: Shutting down and abandoning module ClassViewer (121)
[2015.04.11-17.27.33:973][230]LogModuleManager: Shutting down and abandoning module Toolbox (120)
[2015.04.11-17.27.33:973][230]LogModuleManager: Shutting down and abandoning module ModuleUI (119)
[2015.04.11-17.27.33:973][230]LogModuleManager: Shutting down and abandoning module MovieSceneTools (118)
[2015.04.11-17.27.33:973][230]LogModuleManager: Shutting down and abandoning module OutputLog (117)
[2015.04.11-17.27.33:973][230]LogModuleManager: Shutting down and abandoning module GammaUI (116)
[2015.04.11-17.27.33:973][230]LogModuleManager: Shutting down and abandoning module Documentation (115)
[2015.04.11-17.27.33:973][230]LogModuleManager: Shutting down and abandoning module GameLiveStreaming (114)
[2015.04.11-17.27.33:973][230]LogModuleManager: Shutting down and abandoning module StreamingPauseRendering (113)
[2015.04.11-17.27.33:973][230]LogModuleManager: Shutting down and abandoning module HTTP (112)
[2015.04.11-17.27.33:973][230]LogModuleManager: Shutting down and abandoning module AnalyticsET (111)
[2015.04.11-17.27.33:973][230]LogModuleManager: Shutting down and abandoning module Analytics (110)
[2015.04.11-17.27.33:974][230]LogModuleManager: Shutting down and abandoning module AITestSuite (109)
[2015.04.11-17.27.33:974][230]LogModuleManager: Shutting down and abandoning module GameplayDebugger (108)
[2015.04.11-17.27.33:974][230]LogModuleManager: Shutting down and abandoning module AIModule (107)
[2015.04.11-17.27.33:974][230]LogModuleManager: Shutting down and abandoning module ProfilerService (106)
[2015.04.11-17.27.34:180][230]LogModuleManager: Shutting down and abandoning module TaskGraph (105)
[2015.04.11-17.27.34:180][230]LogModuleManager: Shutting down and abandoning module SlateRemote (104)
[2015.04.11-17.27.34:180][230]LogModuleManager: Shutting down and abandoning module ScriptEditorPlugin (103)
[2015.04.11-17.27.34:180][230]LogModuleManager: Shutting down and abandoning module CustomMeshComponent (102)
[2015.04.11-17.27.34:180][230]LogModuleManager: Shutting down and abandoning module CableComponent (101)
[2015.04.11-17.27.34:180][230]LogModuleManager: Shutting down and abandoning module MessagingDebugger (100)
[2015.04.11-17.27.34:180][230]LogModuleManager: Shutting down and abandoning module MediaPlayerEditor (99)
[2015.04.11-17.27.34:180][230]LogModuleManager: Shutting down and abandoning module SpeedTreeImporter (98)
[2015.04.11-17.27.34:180][230]LogModuleManager: Shutting down and abandoning module PluginsEditor (97)
[2015.04.11-17.27.34:180][230]LogModuleManager: Shutting down and abandoning module MainFrame (96)
[2015.04.11-17.27.34:180][230]LogModuleManager: Shutting down and abandoning module EpicSurvey (95)
[2015.04.11-17.27.34:180][230]LogModuleManager: Shutting down and abandoning module DesktopPlatform (94)
[2015.04.11-17.27.34:180][230]LogModuleManager: Shutting down and abandoning module DirectoryWatcher (93)
[2015.04.11-17.27.34:180][230]LogModuleManager: Shutting down and abandoning module HotReload (92)
[2015.04.11-17.27.34:181][230]LogModuleManager: Shutting down and abandoning module VisualStudioSourceCodeAccess (91)
[2015.04.11-17.27.34:181][230]LogModuleManager: Shutting down and abandoning module UObjectPlugin (90)
[2015.04.11-17.27.34:181][230]LogModuleManager: Shutting down and abandoning module SubversionSourceControl (89)
[2015.04.11-17.27.34:181][230]LogModuleManager: Shutting down and abandoning module PerforceSourceControl (88)
[2015.04.11-17.27.34:181][230]LogModuleManager: Shutting down and abandoning module SourceControl (87)
[2015.04.11-17.27.34:181][230]LogModuleManager: Shutting down and abandoning module GitSourceControl (86)
[2015.04.11-17.27.34:181][230]LogModuleManager: Shutting down and abandoning module BlankPlugin (85)
[2015.04.11-17.27.34:181][230]LogModuleManager: Shutting down and abandoning module PaperTiledImporter (84)
[2015.04.11-17.27.34:181][230]LogModuleManager: Shutting down and abandoning module PaperJsonImporter (83)
[2015.04.11-17.27.34:181][230]LogModuleManager: Shutting down and abandoning module ContentBrowser (82)
[2015.04.11-17.27.34:181][230]LogModuleManager: Shutting down and abandoning module Paper2DEditor (81)
[2015.04.11-17.27.34:181][230]LogModuleManager: Shutting down and abandoning module ScriptPlugin (80)
[2015.04.11-17.27.34:181][230]LogModuleManager: Shutting down and abandoning module UdpMessaging (79)
[2015.04.11-17.27.34:282][230]LogModuleManager: Shutting down and abandoning module Paper2D (78)
[2015.04.11-17.27.34:282][230]LogModuleManager: Shutting down and abandoning module WindowsMoviePlayer (77)
[2015.04.11-17.27.34:287][230]LogModuleManager: Shutting down and abandoning module Media (76)
[2015.04.11-17.27.34:287][230]LogModuleManager: Shutting down and abandoning module WmfMedia (75)
[2015.04.11-17.27.34:287][230]LogModuleManager: Shutting down and abandoning module OnlineBlueprintSupport (74)
[2015.04.11-17.27.34:287][230]LogModuleManager: Shutting down and abandoning module PropertyEditor (73)
[2015.04.11-17.27.34:287][230]LogModuleManager: Shutting down and abandoning module BehaviorTreeEditor (72)
[2015.04.11-17.27.34:287][230]LogModuleManager: Shutting down and abandoning module FunctionalTesting (71)
[2015.04.11-17.27.34:287][230]LogModuleManager: Shutting down and abandoning module CollisionAnalyzer (70)
[2015.04.11-17.27.34:287][230]LogModuleManager: Shutting down and abandoning module WorkspaceMenuStructure (69)
[2015.04.11-17.27.34:287][230]LogModuleManager: Shutting down and abandoning module MessageLog (68)
[2015.04.11-17.27.34:288][230]LogModuleManager: Shutting down and abandoning module Sequencer (67)
[2015.04.11-17.27.34:288][230]LogModuleManager: Shutting down and abandoning module AssetTools (66)
[2015.04.11-17.27.34:288][230]LogModuleManager: Shutting down and abandoning module UMGEditor (65)
[2015.04.11-17.27.34:288][230]LogModuleManager: Shutting down and abandoning module UMG (64)
[2015.04.11-17.27.34:288][230]LogModuleManager: Shutting down and abandoning module Slate (63)
[2015.04.11-17.27.34:288][230]LogModuleManager: Shutting down and abandoning module EditorStyle (62)
[2015.04.11-17.27.34:295][230]LogModuleManager: Shutting down and abandoning module SessionServices (61)
[2015.04.11-17.27.34:295][230]LogModuleManager: Shutting down and abandoning module SourceCodeAccess (60)
[2015.04.11-17.27.34:295][230]LogModuleManager: Shutting down and abandoning module HeadMountedDisplay (59)
[2015.04.11-17.27.34:295][230]LogModuleManager: Shutting down and abandoning module XAudio2 (58)
[2015.04.11-17.27.34:295][230]LogModuleManager: Shutting down and abandoning module Networking (56)
[2015.04.11-17.27.34:295][230]LogModuleManager: Shutting down and abandoning module Core (55)
[2015.04.11-17.27.34:295][230]LogModuleManager: Shutting down and abandoning module KismetCompiler (54)
[2015.04.11-17.27.34:295][230]LogModuleManager: Shutting down and abandoning module PhysXFormats (53)
[2015.04.11-17.27.34:295][230]LogModuleManager: Shutting down and abandoning module MeshUtilities (52)
[2015.04.11-17.27.34:295][230]LogModuleManager: Shutting down and abandoning module DerivedDataCache (51)
[2015.04.11-17.27.34:335][230]LogDerivedDataCache: Shutdown
[2015.04.11-17.27.34:335][230]LogModuleManager: Shutting down and abandoning module ShaderFormatOpenGL (50)
[2015.04.11-17.27.34:335][230]LogModuleManager: Shutting down and abandoning module ShaderFormatD3D (49)
[2015.04.11-17.27.34:335][230]LogModuleManager: Shutting down and abandoning module MetalShaderFormat (48)
[2015.04.11-17.27.34:335][230]LogModuleManager: Shutting down and abandoning module TextureFormatUncompressed (47)
[2015.04.11-17.27.34:335][230]LogModuleManager: Shutting down and abandoning module TextureFormatPVR (46)
[2015.04.11-17.27.34:335][230]LogModuleManager: Shutting down and abandoning module TextureFormatIntelISPCTexComp (45)
[2015.04.11-17.27.34:335][230]LogModuleManager: Shutting down and abandoning module TextureFormatDXT (44)
[2015.04.11-17.27.34:335][230]LogModuleManager: Shutting down and abandoning module ImageWrapper (43)
[2015.04.11-17.27.34:335][230]LogModuleManager: Shutting down and abandoning module TextureFormatASTC (42)
[2015.04.11-17.27.34:335][230]LogModuleManager: Shutting down and abandoning module TextureFormatAndroid (41)
[2015.04.11-17.27.34:335][230]LogModuleManager: Shutting down and abandoning module AudioFormatOpus (40)
[2015.04.11-17.27.34:335][230]LogModuleManager: Shutting down and abandoning module AudioFormatOgg (39)
[2015.04.11-17.27.34:335][230]LogModuleManager: Shutting down and abandoning module AudioFormatADPCM (38)
[2015.04.11-17.27.34:335][230]LogModuleManager: Shutting down and abandoning module LinuxTargetPlatform (37)
[2015.04.11-17.27.34:335][230]LogModuleManager: Shutting down and abandoning module LinuxServerTargetPlatform (36)
[2015.04.11-17.27.34:335][230]LogModuleManager: Shutting down and abandoning module LinuxNoEditorTargetPlatform (35)
[2015.04.11-17.27.34:335][230]LogModuleManager: Shutting down and abandoning module Messaging (34)
[2015.04.11-17.27.34:335][230]LogModuleManager: Shutting down and abandoning module IOSTargetPlatform (33)
[2015.04.11-17.27.34:335][230]LogModuleManager: Shutting down and abandoning module HTML5TargetPlatform (32)
[2015.04.11-17.27.34:335][230]LogModuleManager: Shutting down and abandoning module Android_PVRTCTargetPlatform (31)
[2015.04.11-17.27.34:335][230]LogModuleManager: Shutting down and abandoning module Android_ETC2TargetPlatform (30)
[2015.04.11-17.27.34:335][230]LogModuleManager: Shutting down and abandoning module Android_ETC1TargetPlatform (29)
[2015.04.11-17.27.34:335][230]LogModuleManager: Shutting down and abandoning module Android_ES31TargetPlatform (28)
[2015.04.11-17.27.34:335][230]LogModuleManager: Shutting down and abandoning module Android_DXTTargetPlatform (27)
[2015.04.11-17.27.34:336][230]LogModuleManager: Shutting down and abandoning module Android_ATCTargetPlatform (26)
[2015.04.11-17.27.34:336][230]LogModuleManager: Shutting down and abandoning module AndroidTargetPlatform (25)
[2015.04.11-17.27.34:336][230]LogModuleManager: Shutting down and abandoning module WindowsTargetPlatform (24)
[2015.04.11-17.27.34:336][230]LogModuleManager: Shutting down and abandoning module WindowsServerTargetPlatform (23)
[2015.04.11-17.27.34:336][230]LogModuleManager: Shutting down and abandoning module WindowsNoEditorTargetPlatform (22)
[2015.04.11-17.27.34:336][230]LogModuleManager: Shutting down and abandoning module WindowsClientTargetPlatform (21)
[2015.04.11-17.27.34:336][230]LogModuleManager: Shutting down and abandoning module TargetPlatform (20)
[2015.04.11-17.27.34:336][230]LogModuleManager: Shutting down and abandoning module InputCore (19)
[2015.04.11-17.27.34:336][230]LogModuleManager: Shutting down and abandoning module Settings (18)
[2015.04.11-17.27.34:336][230]LogModuleManager: Shutting down and abandoning module OnlineSubsystem (16)
[2015.04.11-17.27.34:336][230]LogModuleManager: Shutting down and abandoning module OculusRift (15)
[2015.04.11-17.27.34:336][230]LogModuleManager: Shutting down and abandoning module ExampleDeviceProfileSelector (14)
[2015.04.11-17.27.34:336][230]LogModuleManager: Shutting down and abandoning module TextureCompressor (13)
[2015.04.11-17.27.34:336][230]LogModuleManager: Shutting down and abandoning module ShaderCore (12)
[2015.04.11-17.27.34:336][230]LogModuleManager: Shutting down and abandoning module Landscape (11)
[2015.04.11-17.27.34:336][230]LogModuleManager: Shutting down and abandoning module SlateRHIRenderer (10)
[2015.04.11-17.27.34:341][230]LogModuleManager: Shutting down and abandoning module OpenGLDrv (9)
[2015.04.11-17.27.34:341][230]LogModuleManager: Shutting down and abandoning module D3D11RHI (8)
[2015.04.11-17.27.34:341][230]LogModuleManager: Shutting down and abandoning module Renderer (7)
[2015.04.11-17.27.34:341][230]LogModuleManager: Shutting down and abandoning module Engine (6)
[2015.04.11-17.27.34:341][230]LogModuleManager: Shutting down and abandoning module CoreUObject (5)
[2015.04.11-17.27.34:341][230]LogModuleManager: Shutting down and abandoning module NetworkFile (4)
[2015.04.11-17.27.34:341][230]LogModuleManager: Shutting down and abandoning module StreamingFile (3)
[2015.04.11-17.27.34:341][230]LogModuleManager: Shutting down and abandoning module SandboxFile (2)
[2015.04.11-17.27.34:341][230]LogModuleManager: Shutting down and abandoning module PakFile (1)
[2015.04.11-17.27.34:342][230]LogExit: Exiting.
[2015.04.11-17.27.34:351][230]Log file closed, 04/11/15 10:27:34
